c:\users\john\downloads\xjoy-master\xjoy-master\xjoy\debug\xjoy.pch
c:\users\john\downloads\xjoy-master\xjoy-master\xjoy\debug\vc141.pdb
c:\users\john\downloads\xjoy-master\xjoy-master\xjoy\debug\vc141.idb
c:\users\john\downloads\xjoy-master\xjoy-master\xjoy\debug\stdafx.obj
c:\users\john\downloads\xjoy-master\xjoy-master\xjoy\debug\yaml.obj
c:\users\john\downloads\xjoy-master\xjoy-master\xjoy\debug\xjoy.obj
c:\users\john\downloads\xjoy-master\xjoy-master\debug\xjoy.ilk
c:\users\john\downloads\xjoy-master\xjoy-master\debug\xjoy.exe
c:\users\john\downloads\xjoy-master\xjoy-master\debug\xjoy.pdb
c:\users\john\downloads\xjoy-master\xjoy-master\xjoy\debug\xjoy.res
c:\users\john\downloads\xjoy-master\xjoy-master\debug\xjoy.lib
c:\users\john\downloads\xjoy-master\xjoy-master\debug\xjoy.exp
c:\users\john\downloads\xjoy-master\xjoy-master\xjoy\debug\xjoy.tlog\cl.command.1.tlog
c:\users\john\downloads\xjoy-master\xjoy-master\xjoy\debug\xjoy.tlog\cl.read.1.tlog
c:\users\john\downloads\xjoy-master\xjoy-master\xjoy\debug\xjoy.tlog\cl.write.1.tlog
c:\users\john\downloads\xjoy-master\xjoy-master\xjoy\debug\xjoy.tlog\link.command.1.tlog
c:\users\john\downloads\xjoy-master\xjoy-master\xjoy\debug\xjoy.tlog\link.read.1.tlog
c:\users\john\downloads\xjoy-master\xjoy-master\xjoy\debug\xjoy.tlog\link.write.1.tlog
c:\users\john\downloads\xjoy-master\xjoy-master\xjoy\debug\xjoy.tlog\rc.command.1.tlog
c:\users\john\downloads\xjoy-master\xjoy-master\xjoy\debug\xjoy.tlog\rc.read.1.tlog
c:\users\john\downloads\xjoy-master\xjoy-master\xjoy\debug\xjoy.tlog\rc.write.1.tlog
c:\users\john\downloads\xjoy-master\xjoy-master\xjoy\debug\xjoy.tlog\xjoy.write.1u.tlog
